Build started 23/08/16 10:49:07 am.
     1>Project "\\psf\Home\Desktop\Game prog\GP-ASS-1\SpaceInvaders\Framework\Framework.vcxproj" on node 2 (Build target(s)).
     1>C:\Program Files (x86)\MSBuild\Microsoft.Cpp\v4.0\V120\Microsoft.CppBuild.targets(388,5): warning MSB8028: The intermediate directory (Debug\) contains files shared from another project (Framework.vcxproj).  This can lead to incorrect clean and rebuild behavior.
     1>ClCompile:
         C:\Program Files (x86)\Microsoft Visual Studio 12.0\VC\bin\CL.exe /c /I"\\psf\Home\Desktop\Game prog\GP-ASS-1\SpaceInvaders\\SDL\SDL2-2.0.3\include\\" /I"\\psf\Home\Desktop\Game prog\GP-ASS-1\SpaceInvaders\\SDL\SDL2_image-2.0.0\include" /I"\\psf\Home\Desktop\Game prog\GP-ASS-1\SpaceInvaders\\FMOD\inc\\" /ZI /nologo /W3 /WX- /Od /Oy- /D WIN32 /D _DEBUG /D _WINDOWS /D _UNICODE /D UNICODE /Gm /EHsc /RTC1 /MDd /GS /fp:precise /Zc:wchar_t /Zc:forScope /Fo"Debug\\" /Fd"Debug\vc120.pdb" /Gd /TP /analyze- /errorReport:prompt backbuffer.cpp Enemy.cpp entity.cpp game.cpp inputhandler.cpp logmanager.cpp main.cpp PlayerShip.cpp bullet.cpp sprite.cpp texture.cpp texturemanager.cpp
         texturemanager.cpp
         texture.cpp
         sprite.cpp
         bullet.cpp
         PlayerShip.cpp
         main.cpp
         logmanager.cpp
         inputhandler.cpp
         game.cpp
     1>\\psf\home\desktop\game prog\gp-ass-1\spaceinvaders\framework\game.cpp(222): warning C4018: '<' : signed/unsigned mismatch
     1>\\psf\home\desktop\game prog\gp-ass-1\spaceinvaders\framework\game.cpp(266): warning C4018: '<' : signed/unsigned mismatch
     1>\\psf\home\desktop\game prog\gp-ass-1\spaceinvaders\framework\game.cpp(272): warning C4018: '<' : signed/unsigned mismatch
     1>\\psf\home\desktop\game prog\gp-ass-1\spaceinvaders\framework\game.cpp(336): warning C4244: 'initializing' : conversion from 'float' to 'int', possible loss of data
     1>\\psf\home\desktop\game prog\gp-ass-1\spaceinvaders\framework\game.cpp(337): warning C4244: 'initializing' : conversion from 'float' to 'int', possible loss of data
     1>\\psf\home\desktop\game prog\gp-ass-1\spaceinvaders\framework\game.cpp(358): warning C4244: 'argument' : conversion from 'int' to 'float', possible loss of data
     1>\\psf\home\desktop\game prog\gp-ass-1\spaceinvaders\framework\game.cpp(363): warning C4244: 'argument' : conversion from 'int' to 'float', possible loss of data
         entity.cpp
     1>\\psf\home\desktop\game prog\gp-ass-1\spaceinvaders\framework\entity.cpp(90): warning C4244: 'initializing' : conversion from 'int' to 'float', possible loss of data
     1>\\psf\home\desktop\game prog\gp-ass-1\spaceinvaders\framework\entity.cpp(91): warning C4244: 'initializing' : conversion from 'int' to 'float', possible loss of data
     1>\\psf\home\desktop\game prog\gp-ass-1\spaceinvaders\framework\entity.cpp(100): warning C4996: 'sprintf': This function or variable may be unsafe. Consider using sprintf_s instead. To disable deprecation, use _CRT_SECURE_NO_WARNINGS. See online help for details.
                 c:\program files (x86)\microsoft visual studio 12.0\vc\include\stdio.h(356) : see declaration of 'sprintf'
     1>\\psf\home\desktop\game prog\gp-ass-1\spaceinvaders\framework\entity.cpp(144): warning C4244: '=' : conversion from 'int' to 'float', possible loss of data
     1>\\psf\home\desktop\game prog\gp-ass-1\spaceinvaders\framework\entity.cpp(151): warning C4244: '=' : conversion from 'int' to 'float', possible loss of data
         Enemy.cpp
         backbuffer.cpp
         Generating Code...
       Link:
         C:\Program Files (x86)\Microsoft Visual Studio 12.0\VC\bin\link.exe /ERRORREPORT:PROMPT /OUT:"\\psf\Home\Desktop\Game prog\GP-ASS-1\SpaceInvaders\Debug\SpaceShips.exe" /INCREMENTAL /NOLOGO /LIBPATH:"\\psf\Home\Desktop\Game prog\GP-ASS-1\SpaceInvaders\\SDL\SDL2-2.0.3\lib\x86" /LIBPATH:"\\psf\Home\Desktop\Game prog\GP-ASS-1\SpaceInvaders\\SDL\SDL2_image-2.0.0\lib\x86" /LIBPATH:"\\psf\Home\Desktop\Game prog\GP-ASS-1\SpaceInvaders\\FMOD\lib\\" SDL2.lib SDL2main.lib SDL2_image.lib kernel32.lib user32.lib gdi32.lib winspool.lib comdlg32.lib advapi32.lib shell32.lib ole32.lib oleaut32.lib uuid.lib odbc32.lib odbccp32.lib fmodl_vc.lib /MANIFEST /MANIFESTUAC:"level='asInvoker' uiAccess='false'" /manifest:embed /DEBUG /PDB:"\\psf\Home\Desktop\Game prog\GP-ASS-1\SpaceInvaders\Debug\SpaceShips.pdb" /SUBSYSTEM:WINDOWS /TLBID:1 /DYNAMICBASE /NXCOMPAT /IMPLIB:"\\psf\Home\Desktop\Game prog\GP-ASS-1\SpaceInvaders\Debug\SpaceShips.lib" /MACHINE:X86 Debug\backbuffer.obj
         Debug\Enemy.obj
         Debug\entity.obj
         Debug\game.obj
         Debug\inputhandler.obj
         Debug\logmanager.obj
         Debug\main.obj
         Debug\PlayerShip.obj
         Debug\bullet.obj
         Debug\sprite.obj
         Debug\texture.obj
         Debug\texturemanager.obj
     1>MSVCRTD.lib(cinitexe.obj) : warning LNK4098: defaultlib 'msvcrt.lib' conflicts with use of other libs; use /NODEFAULTLIB:library
         Framework.vcxproj -> \\psf\Home\Desktop\Game prog\GP-ASS-1\SpaceInvaders\Debug\SpaceShips.exe
     1>Done Building Project "\\psf\Home\Desktop\Game prog\GP-ASS-1\SpaceInvaders\Framework\Framework.vcxproj" (Build target(s)).

Build succeeded.

Time Elapsed 00:00:09.14
