\\psf\home\desktop\game prog\gp-ass-1\spaceinvaders\framework\debug\vc120.pdb
\\psf\home\desktop\game prog\gp-ass-1\spaceinvaders\framework\debug\vc120.idb
\\psf\home\desktop\game prog\gp-ass-1\spaceinvaders\framework\debug\backbuffer.obj
\\psf\home\desktop\game prog\gp-ass-1\spaceinvaders\framework\debug\enemy.obj
\\psf\home\desktop\game prog\gp-ass-1\spaceinvaders\framework\debug\entity.obj
\\psf\home\desktop\game prog\gp-ass-1\spaceinvaders\framework\debug\game.obj
\\psf\home\desktop\game prog\gp-ass-1\spaceinvaders\framework\debug\inputhandler.obj
\\psf\home\desktop\game prog\gp-ass-1\spaceinvaders\framework\debug\logmanager.obj
\\psf\home\desktop\game prog\gp-ass-1\spaceinvaders\framework\debug\main.obj
\\psf\home\desktop\game prog\gp-ass-1\spaceinvaders\framework\debug\playership.obj
\\psf\home\desktop\game prog\gp-ass-1\spaceinvaders\framework\debug\bullet.obj
\\psf\home\desktop\game prog\gp-ass-1\spaceinvaders\framework\debug\sprite.obj
\\psf\home\desktop\game prog\gp-ass-1\spaceinvaders\framework\debug\texture.obj
\\psf\home\desktop\game prog\gp-ass-1\spaceinvaders\framework\debug\texturemanager.obj
\\psf\home\desktop\game prog\gp-ass-1\spaceinvaders\framework\debug\animatedsprite.obj
\\psf\home\desktop\game prog\gp-ass-1\spaceinvaders\framework\debug\explosion.obj
\\psf\home\desktop\game prog\gp-ass-1\spaceinvaders\debug\spaceships.pdb
\\psf\home\desktop\game prog\gp-ass-1\spaceinvaders\framework\debug\nativecodeanalysis.read.1.tlog
\\psf\home\desktop\game prog\gp-ass-1\spaceinvaders\framework\debug\backbuffer.nativecodeanalysis.xml
\\psf\home\desktop\game prog\gp-ass-1\spaceinvaders\framework\debug\entity.nativecodeanalysis.xml
\\psf\home\desktop\game prog\gp-ass-1\spaceinvaders\framework\debug\game.nativecodeanalysis.xml
\\psf\home\desktop\game prog\gp-ass-1\spaceinvaders\framework\debug\inputhandler.nativecodeanalysis.xml
\\psf\home\desktop\game prog\gp-ass-1\spaceinvaders\framework\debug\logmanager.nativecodeanalysis.xml
\\psf\home\desktop\game prog\gp-ass-1\spaceinvaders\framework\debug\main.nativecodeanalysis.xml
\\psf\home\desktop\game prog\gp-ass-1\spaceinvaders\framework\debug\sprite.nativecodeanalysis.xml
\\psf\home\desktop\game prog\gp-ass-1\spaceinvaders\framework\debug\texture.nativecodeanalysis.xml
\\psf\home\desktop\game prog\gp-ass-1\spaceinvaders\framework\debug\texturemanager.nativecodeanalysis.xml
\\psf\home\desktop\game prog\gp-ass-1\spaceinvaders\framework\debug\vc.nativecodeanalysis.all.xml
\\psf\home\desktop\game prog\gp-ass-1\spaceinvaders\debug\spaceships.exe
\\psf\home\desktop\game prog\gp-ass-1\spaceinvaders\debug\spaceships.ilk
\\psf\home\desktop\game prog\gp-ass-1\spaceinvaders\framework\debug\spaceships.tlog\cl.command.1.tlog
\\psf\home\desktop\game prog\gp-ass-1\spaceinvaders\framework\debug\spaceships.tlog\cl.read.1.tlog
\\psf\home\desktop\game prog\gp-ass-1\spaceinvaders\framework\debug\spaceships.tlog\cl.write.1.tlog
\\psf\home\desktop\game prog\gp-ass-1\spaceinvaders\framework\debug\spaceships.tlog\link.command.1.tlog
\\psf\home\desktop\game prog\gp-ass-1\spaceinvaders\framework\debug\spaceships.tlog\link.read.1.tlog
\\psf\home\desktop\game prog\gp-ass-1\spaceinvaders\framework\debug\spaceships.tlog\link.write.1.tlog
